<?xml version="1.0" encoding="utf-8"?><testsuites name="pytest tests"><testsuite name="pytest" errors="0" failures="0" skipped="0" tests="26" time="3.784" timestamp="2026-07-28T01:28:43.971907+00:00" hostname="agent-env-164eb675-bbf8-40eb-b33b-1d975b34195b"><testcase classname="tests.backend_test.TestHealth" name="test_root" time="0.144" /><testcase classname="tests.backend_test.TestAuth" name="test_admin_login" time="0.278" /><testcase classname="tests.backend_test.TestAuth" name="test_register_and_login_user" time="0.542" /><testcase classname="tests.backend_test.TestAuth" name="test_invalid_login" time="0.271" /><testcase classname="tests.backend_test.TestAuth" name="test_duplicate_register" time="0.045" /><testcase classname="tests.backend_test.TestAuth" name="test_short_password" time="0.045" /><testcase classname="tests.backend_test.TestAuth" name="test_me" time="0.049" /><testcase classname="tests.backend_test.TestAuth" name="test_admin_endpoint_forbidden_for_user" time="0.046" /><testcase classname="tests.backend_test.TestAuth" name="test_admin_endpoint_unauthenticated" time="0.042" /><testcase classname="tests.backend_test.TestPublic" name="test_list_courses" time="0.060" /><testcase classname="tests.backend_test.TestPublic" name="test_list_internships" time="0.048" /><testcase classname="tests.backend_test.TestPublic" name="test_list_media" time="0.048" /><testcase classname="tests.backend_test.TestPublic" name="test_list_feedback" time="0.049" /><testcase classname="tests.backend_test.TestPublic" name="test_course_not_found" time="0.048" /><testcase classname="tests.backend_test.TestAdminCRUD" name="test_create_course" time="0.104" /><testcase classname="tests.backend_test.TestAdminCRUD" name="test_update_course" time="0.095" /><testcase classname="tests.backend_test.TestAdminCRUD" name="test_create_internship" time="0.099" /><testcase classname="tests.backend_test.TestAdminCRUD" name="test_create_media_image_and_video" time="0.316" /><testcase classname="tests.backend_test.TestAdminCRUD" name="test_user_cannot_create_course" time="0.047" /><testcase classname="tests.backend_test.TestUserActions" name="test_enroll_flow" time="0.207" /><testcase classname="tests.backend_test.TestUserActions" name="test_apply_flow" time="0.210" /><testcase classname="tests.backend_test.TestUserActions" name="test_feedback_approval_flow" time="0.240" /><testcase classname="tests.backend_test.TestUserActions" name="test_contact_flow" time="0.190" /><testcase classname="tests.backend_test.TestAdminMisc" name="test_stats" time="0.050" /><testcase classname="tests.backend_test.TestAdminMisc" name="test_admin_users" time="0.257" /><testcase classname="tests.backend_test.TestZCleanup" name="test_delete_created" time="0.190" /></testsuite></testsuites>